<?xml version="1.0" encoding="UTF-8"?>
<!-- Generated by org.testng.reporters.JUnitReportReporter -->
<testsuite hostname="Animeshs-MacBook-Air.local" failures="8" tests="22" name="runner.TestRunner" time="76.817" errors="0" timestamp="01 Dec 2024 15:17:18 GMT" skipped="0">
  <testcase classname="runner.TestRunner" name="runScenario" time="4.757">
    <failure message="expected [Unfortunately, this schedule is not possible. Please try again.] but found [Sorry, there are no more seats available.]" type="java.lang.AssertionError">
      <![CDATA[java.lang.AssertionError: expected [Unfortunately, this schedule is not possible. Please try again.] but found [Sorry, there are no more seats available.]
at org.testng.Assert.fail(Assert.java:96)
at org.testng.Assert.failNotEquals(Assert.java:776)
at org.testng.Assert.assertEqualsImpl(Assert.java:137)
at org.testng.Assert.assertEquals(Assert.java:118)
at org.testng.Assert.assertEquals(Assert.java:453)
at org.testng.Assert.assertEquals(Assert.java:463)
at steps.SearchTestSteps.i_see(SearchTestSteps.java:77)
at ✽.I see "schedule not possible"(file:///Users/animeshsen/eclipse-workspace/MarsAir/src/test/java/features/SearchTest.feature:30)
]]>
    </failure>
  </testcase> <!-- runScenario -->
  <testcase classname="runner.TestRunner" name="runScenario" time="2.897"/>
  <testcase classname="runner.TestRunner" name="runScenario" time="4.154"/>
  <testcase classname="runner.TestRunner" name="runScenario" time="3.794"/>
  <testcase classname="runner.TestRunner" name="runScenario" time="3.137">
    <failure message="expected [Unfortunately, this schedule is not possible. Please try again.] but found [Sorry, there are no more seats available.]" type="java.lang.AssertionError">
      <![CDATA[java.lang.AssertionError: expected [Unfortunately, this schedule is not possible. Please try again.] but found [Sorry, there are no more seats available.]
at org.testng.Assert.fail(Assert.java:96)
at org.testng.Assert.failNotEquals(Assert.java:776)
at org.testng.Assert.assertEqualsImpl(Assert.java:137)
at org.testng.Assert.assertEquals(Assert.java:118)
at org.testng.Assert.assertEquals(Assert.java:453)
at org.testng.Assert.assertEquals(Assert.java:463)
at steps.SearchTestSteps.i_see(SearchTestSteps.java:77)
at ✽.I see "schedule not possible"(file:///Users/animeshsen/eclipse-workspace/MarsAir/src/test/java/features/SearchTest.feature:52)
]]>
    </failure>
  </testcase> <!-- runScenario -->
  <testcase classname="runner.TestRunner" name="runScenario" time="4.039">
    <failure message="expected [Unfortunately, this schedule is not possible. Please try again.] but found [Sorry, there are no more seats available.]" type="java.lang.AssertionError">
      <![CDATA[java.lang.AssertionError: expected [Unfortunately, this schedule is not possible. Please try again.] but found [Sorry, there are no more seats available.]
at org.testng.Assert.fail(Assert.java:96)
at org.testng.Assert.failNotEquals(Assert.java:776)
at org.testng.Assert.assertEqualsImpl(Assert.java:137)
at org.testng.Assert.assertEquals(Assert.java:118)
at org.testng.Assert.assertEquals(Assert.java:453)
at org.testng.Assert.assertEquals(Assert.java:463)
at steps.SearchTestSteps.i_see(SearchTestSteps.java:77)
at ✽.I see "schedule not possible"(file:///Users/animeshsen/eclipse-workspace/MarsAir/src/test/java/features/SearchTest.feature:30)
]]>
    </failure>
  </testcase> <!-- runScenario -->
  <testcase classname="runner.TestRunner" name="runScenario" time="2.970"/>
  <testcase classname="runner.TestRunner" name="runScenario" time="3.866">
    <failure message="expected [Unfortunately, this schedule is not possible. Please try again.] but found [Sorry, there are no more seats available.]" type="java.lang.AssertionError">
      <![CDATA[java.lang.AssertionError: expected [Unfortunately, this schedule is not possible. Please try again.] but found [Sorry, there are no more seats available.]
at org.testng.Assert.fail(Assert.java:96)
at org.testng.Assert.failNotEquals(Assert.java:776)
at org.testng.Assert.assertEqualsImpl(Assert.java:137)
at org.testng.Assert.assertEquals(Assert.java:118)
at org.testng.Assert.assertEquals(Assert.java:453)
at org.testng.Assert.assertEquals(Assert.java:463)
at steps.SearchTestSteps.i_see(SearchTestSteps.java:77)
at ✽.I see "schedule not possible"(file:///Users/animeshsen/eclipse-workspace/MarsAir/src/test/java/features/SearchTest.feature:62)
]]>
    </failure>
  </testcase> <!-- runScenario -->
  <testcase classname="runner.TestRunner" name="runScenario" time="3.251"/>
  <testcase classname="runner.TestRunner" name="runScenario" time="3.792">
    <failure message="expected [Unfortunately, this schedule is not possible. Please try again.] but found [Sorry, there are no more seats available.]" type="java.lang.AssertionError">
      <![CDATA[java.lang.AssertionError: expected [Unfortunately, this schedule is not possible. Please try again.] but found [Sorry, there are no more seats available.]
at org.testng.Assert.fail(Assert.java:96)
at org.testng.Assert.failNotEquals(Assert.java:776)
at org.testng.Assert.assertEqualsImpl(Assert.java:137)
at org.testng.Assert.assertEquals(Assert.java:118)
at org.testng.Assert.assertEquals(Assert.java:453)
at org.testng.Assert.assertEquals(Assert.java:463)
at steps.SearchTestSteps.i_see(SearchTestSteps.java:77)
at ✽.I see "schedule not possible"(file:///Users/animeshsen/eclipse-workspace/MarsAir/src/test/java/features/SearchTest.feature:30)
]]>
    </failure>
  </testcase> <!-- runScenario -->
  <testcase classname="runner.TestRunner" name="runScenario" time="2.379"/>
  <testcase classname="runner.TestRunner" name="runScenario" time="3.804"/>
  <testcase classname="runner.TestRunner" name="runScenario" time="3.194">
    <failure message="expected [Unfortunately, this schedule is not possible. Please try again.] but found [Sorry, there are no more seats available.]" type="java.lang.AssertionError">
      <![CDATA[java.lang.AssertionError: expected [Unfortunately, this schedule is not possible. Please try again.] but found [Sorry, there are no more seats available.]
at org.testng.Assert.fail(Assert.java:96)
at org.testng.Assert.failNotEquals(Assert.java:776)
at org.testng.Assert.assertEqualsImpl(Assert.java:137)
at org.testng.Assert.assertEquals(Assert.java:118)
at org.testng.Assert.assertEquals(Assert.java:453)
at org.testng.Assert.assertEquals(Assert.java:463)
at steps.SearchTestSteps.i_see(SearchTestSteps.java:77)
at ✽.I see "schedule not possible"(file:///Users/animeshsen/eclipse-workspace/MarsAir/src/test/java/features/SearchTest.feature:30)
]]>
    </failure>
  </testcase> <!-- runScenario -->
  <testcase classname="runner.TestRunner" name="runScenario" time="3.001">
    <failure message="expected [Unfortunately, this schedule is not possible. Please try again.] but found [Sorry, there are no more seats available.]" type="java.lang.AssertionError">
      <![CDATA[java.lang.AssertionError: expected [Unfortunately, this schedule is not possible. Please try again.] but found [Sorry, there are no more seats available.]
at org.testng.Assert.fail(Assert.java:96)
at org.testng.Assert.failNotEquals(Assert.java:776)
at org.testng.Assert.assertEqualsImpl(Assert.java:137)
at org.testng.Assert.assertEquals(Assert.java:118)
at org.testng.Assert.assertEquals(Assert.java:453)
at org.testng.Assert.assertEquals(Assert.java:463)
at steps.SearchTestSteps.i_see(SearchTestSteps.java:77)
at ✽.I see "schedule not possible"(file:///Users/animeshsen/eclipse-workspace/MarsAir/src/test/java/features/SearchTest.feature:30)
]]>
    </failure>
  </testcase> <!-- runScenario -->
  <testcase classname="runner.TestRunner" name="runScenario" time="3.273"/>
  <testcase classname="runner.TestRunner" name="runScenario" time="3.081"/>
  <testcase classname="runner.TestRunner" name="runScenario" time="2.258"/>
  <testcase classname="runner.TestRunner" name="runScenario" time="2.300"/>
  <testcase classname="runner.TestRunner" name="runScenario" time="4.829">
    <failure message="expected [Unfortunately, this schedule is not possible. Please try again.] but found [Sorry, there are no more seats available.]" type="java.lang.AssertionError">
      <![CDATA[java.lang.AssertionError: expected [Unfortunately, this schedule is not possible. Please try again.] but found [Sorry, there are no more seats available.]
at org.testng.Assert.fail(Assert.java:96)
at org.testng.Assert.failNotEquals(Assert.java:776)
at org.testng.Assert.assertEqualsImpl(Assert.java:137)
at org.testng.Assert.assertEquals(Assert.java:118)
at org.testng.Assert.assertEquals(Assert.java:453)
at org.testng.Assert.assertEquals(Assert.java:463)
at steps.SearchTestSteps.i_see(SearchTestSteps.java:77)
at ✽.I see "schedule not possible"(file:///Users/animeshsen/eclipse-workspace/MarsAir/src/test/java/features/SearchTest.feature:30)
]]>
    </failure>
  </testcase> <!-- runScenario -->
  <testcase classname="runner.TestRunner" name="runScenario" time="4.258"/>
  <testcase classname="runner.TestRunner" name="runScenario" time="3.976"/>
  <testcase classname="runner.TestRunner" name="runScenario" time="3.807"/>
</testsuite> <!-- runner.TestRunner -->
